<?xml version="1.0" encoding="UTF-8"?>
<testng-results ignored="1" total="6" passed="4" failed="1" skipped="0">
  <reporter-output>
  </reporter-output>
  <suite started-at="2024-10-22T15:49:37 IST" name="Suite" finished-at="2024-10-22T15:49:38 IST" duration-ms="66">
    <groups>
      <group name="smoke">
        <method signature="day1.bikeloan2()[pri:0, instance:pkg.day1@291ae]" name="bikeloan2" class="pkg.day1"/>
      </group> <!-- smoke -->
    </groups>
    <test started-at="2024-10-22T15:49:37 IST" name="Test" finished-at="2024-10-22T15:49:38 IST" duration-ms="66">
      <class name="pkg.Tstr">
        <test-method is-config="true" signature="getdata2()[pri:0, instance:pkg.Tstr@1cbbffcd]" started-at="2024-10-22T15:49:37 IST" name="getdata2" finished-at="2024-10-22T15:49:37 IST" duration-ms="1" status="PASS">
          <reporter-output>
          </reporter-output>
        </test-method> <!-- getdata2 -->
        <test-method is-config="true" signature="getdata1()[pri:0, instance:pkg.Tstr@1cbbffcd]" started-at="2024-10-22T15:49:38 IST" name="getdata1" finished-at="2024-10-22T15:49:38 IST" duration-ms="0" status="PASS">
          <reporter-output>
          </reporter-output>
        </test-method> <!-- getdata1 -->
      </class> <!-- pkg.Tstr -->
      <class name="pkg.Snippet">
        <test-method is-config="true" signature="eduloan()[pri:0, instance:pkg.Snippet@61df66b6]" started-at="2024-10-22T15:49:37 IST" name="eduloan" finished-at="2024-10-22T15:49:37 IST" duration-ms="0" status="PASS">
          <reporter-output>
          </reporter-output>
        </test-method> <!-- eduloan -->
        <test-method signature="schlloan()[pri:0, instance:pkg.Snippet@61df66b6]" started-at="2024-10-22T15:49:37 IST" name="schlloan" finished-at="2024-10-22T15:49:37 IST" duration-ms="2" status="PASS">
          <reporter-output>
          </reporter-output>
        </test-method> <!-- schlloan -->
        <test-method signature="schlloann()[pri:0, instance:pkg.Snippet@61df66b6]" started-at="2024-10-22T15:49:37 IST" name="schlloann" finished-at="2024-10-22T15:49:38 IST" duration-ms="4" status="FAIL">
          <exception class="java.lang.AssertionError">
            <message>
              <![CDATA[expected [true] but found [false]]]>
            </message>
            <full-stacktrace>
              <![CDATA[java.lang.AssertionError: expected [true] but found [false]
at org.testng.Assert.fail(Assert.java:99)
at org.testng.Assert.failNotEquals(Assert.java:1037)
at org.testng.Assert.assertTrue(Assert.java:45)
at org.testng.Assert.assertTrue(Assert.java:55)
at pkg.Snippet.schlloann(Snippet.java:23)
at java.base/jdk.internal.reflect.DirectMethodHandleAccessor.invoke(DirectMethodHandleAccessor.java:104)
at java.base/java.lang.reflect.Method.invoke(Method.java:577)
at org.testng.internal.MethodInvocationHelper.invokeMethod(MethodInvocationHelper.java:133)
at org.testng.internal.TestInvoker.invokeMethod(TestInvoker.java:598)
at org.testng.internal.TestInvoker.invokeTestMethod(TestInvoker.java:173)
at org.testng.internal.MethodRunner.runInSequence(MethodRunner.java:46)
at org.testng.internal.TestInvoker$MethodInvocationAgent.invoke(TestInvoker.java:824)
at org.testng.internal.TestInvoker.invokeTestMethods(TestInvoker.java:146)
at org.testng.internal.TestMethodWorker.invokeTestMethods(TestMethodWorker.java:146)
at org.testng.internal.TestMethodWorker.run(TestMethodWorker.java:128)
at java.base/java.util.ArrayList.forEach(ArrayList.java:1511)
at org.testng.TestRunner.privateRun(TestRunner.java:794)
at org.testng.TestRunner.run(TestRunner.java:596)
at org.testng.SuiteRunner.runTest(SuiteRunner.java:377)
at org.testng.SuiteRunner.access$000(SuiteRunner.java:28)
at org.testng.SuiteRunner$SuiteWorker.run(SuiteRunner.java:418)
at org.testng.internal.thread.ThreadUtil.lambda$execute$0(ThreadUtil.java:64)
at java.base/java.util.concurrent.FutureTask.run(FutureTask.java:264)
at java.base/java.util.concurrent.ThreadPoolExecutor.runWorker(ThreadPoolExecutor.java:1136)
at java.base/java.util.concurrent.ThreadPoolExecutor$Worker.run(ThreadPoolExecutor.java:635)
at java.base/java.lang.Thread.run(Thread.java:833)
]]>
            </full-stacktrace>
          </exception> <!-- java.lang.AssertionError -->
          <reporter-output>
          </reporter-output>
        </test-method> <!-- schlloann -->
        <test-method is-config="true" signature="bussiness()[pri:0, instance:pkg.Snippet@61df66b6]" started-at="2024-10-22T15:49:38 IST" name="bussiness" finished-at="2024-10-22T15:49:38 IST" duration-ms="1" status="PASS">
          <reporter-output>
          </reporter-output>
        </test-method> <!-- bussiness -->
      </class> <!-- pkg.Snippet -->
      <class name="pkg.day1">
        <test-method is-config="true" signature="bfsuite()[pri:0, instance:pkg.day1@291ae]" started-at="2024-10-22T15:49:37 IST" name="bfsuite" finished-at="2024-10-22T15:49:37 IST" duration-ms="6" status="PASS">
          <reporter-output>
          </reporter-output>
        </test-method> <!-- bfsuite -->
        <test-method is-config="true" signature="catloan()[pri:0, instance:pkg.day1@291ae]" started-at="2024-10-22T15:49:37 IST" name="catloan" finished-at="2024-10-22T15:49:37 IST" duration-ms="0" status="PASS">
          <reporter-output>
          </reporter-output>
        </test-method> <!-- catloan -->
        <test-method is-config="true" signature="Beforeclass()[pri:0, instance:pkg.day1@291ae]" started-at="2024-10-22T15:49:37 IST" name="Beforeclass" finished-at="2024-10-22T15:49:37 IST" duration-ms="0" status="PASS">
          <reporter-output>
          </reporter-output>
        </test-method> <!-- Beforeclass -->
        <test-method is-config="true" signature="Beforemethod()[pri:0, instance:pkg.day1@291ae]" started-at="2024-10-22T15:49:37 IST" name="Beforemethod" finished-at="2024-10-22T15:49:37 IST" duration-ms="0" status="PASS">
          <reporter-output>
          </reporter-output>
        </test-method> <!-- Beforemethod -->
        <test-method signature="bikeloan()[pri:0, instance:pkg.day1@291ae]" started-at="2024-10-22T15:49:37 IST" name="bikeloan" finished-at="2024-10-22T15:49:37 IST" duration-ms="8" status="PASS">
          <reporter-output>
          </reporter-output>
        </test-method> <!-- bikeloan -->
        <test-method is-config="true" signature="aftermethod()[pri:0, instance:pkg.day1@291ae]" started-at="2024-10-22T15:49:37 IST" name="aftermethod" finished-at="2024-10-22T15:49:37 IST" duration-ms="1" status="PASS">
          <reporter-output>
          </reporter-output>
        </test-method> <!-- aftermethod -->
        <test-method is-config="true" signature="Beforemethod()[pri:0, instance:pkg.day1@291ae]" started-at="2024-10-22T15:49:37 IST" name="Beforemethod" finished-at="2024-10-22T15:49:37 IST" duration-ms="1" status="PASS">
          <reporter-output>
          </reporter-output>
        </test-method> <!-- Beforemethod -->
        <test-method signature="bikeloan2()[pri:0, instance:pkg.day1@291ae]" started-at="2024-10-22T15:49:37 IST" name="bikeloan2" finished-at="2024-10-22T15:49:37 IST" duration-ms="1" status="PASS">
          <reporter-output>
          </reporter-output>
        </test-method> <!-- bikeloan2 -->
        <test-method is-config="true" signature="aftermethod()[pri:0, instance:pkg.day1@291ae]" started-at="2024-10-22T15:49:37 IST" name="aftermethod" finished-at="2024-10-22T15:49:37 IST" duration-ms="0" status="PASS">
          <reporter-output>
          </reporter-output>
        </test-method> <!-- aftermethod -->
        <test-method is-config="true" signature="Beforemethod()[pri:0, instance:pkg.day1@291ae]" started-at="2024-10-22T15:49:37 IST" name="Beforemethod" finished-at="2024-10-22T15:49:37 IST" duration-ms="1" status="PASS">
          <reporter-output>
          </reporter-output>
        </test-method> <!-- Beforemethod -->
        <test-method signature="bikeloane()[pri:0, instance:pkg.day1@291ae]" started-at="2024-10-22T15:49:37 IST" name="bikeloane" finished-at="2024-10-22T15:49:37 IST" duration-ms="1" status="PASS">
          <reporter-output>
          </reporter-output>
        </test-method> <!-- bikeloane -->
        <test-method is-config="true" signature="aftermethod()[pri:0, instance:pkg.day1@291ae]" started-at="2024-10-22T15:49:37 IST" name="aftermethod" finished-at="2024-10-22T15:49:37 IST" duration-ms="0" status="PASS">
          <reporter-output>
          </reporter-output>
        </test-method> <!-- aftermethod -->
        <test-method is-config="true" signature="Afterclass()[pri:0, instance:pkg.day1@291ae]" started-at="2024-10-22T15:49:37 IST" name="Afterclass" finished-at="2024-10-22T15:49:37 IST" duration-ms="1" status="PASS">
          <reporter-output>
          </reporter-output>
        </test-method> <!-- Afterclass -->
        <test-method is-config="true" signature="chopper()[pri:0, instance:pkg.day1@291ae]" started-at="2024-10-22T15:49:38 IST" name="chopper" finished-at="2024-10-22T15:49:38 IST" duration-ms="1" status="PASS">
          <reporter-output>
          </reporter-output>
        </test-method> <!-- chopper -->
        <test-method is-config="true" signature="aftsuite()[pri:0, instance:pkg.day1@291ae]" started-at="2024-10-22T15:49:38 IST" name="aftsuite" finished-at="2024-10-22T15:49:38 IST" duration-ms="1" status="PASS">
          <reporter-output>
          </reporter-output>
        </test-method> <!-- aftsuite -->
      </class> <!-- pkg.day1 -->
    </test> <!-- Test -->
  </suite> <!-- Suite -->
</testng-results>
