<?xml version="1.0" encoding="UTF-8"?>
<!-- Generated by org.testng.reporters.JUnitXMLReporter -->
<testsuite ignored="1" hostname="DESKTOP-MS30HO8" failures="1" tests="5" name="Test" time="0.066" errors="0" timestamp="2024-10-22T15:49:38 IST">
  <testcase classname="pkg.day1" name="bikeloan" time="0.008"/>
  <testcase classname="pkg.day1" name="bikeloan2" time="0.001"/>
  <testcase classname="pkg.day1" name="bikeloane" time="0.001"/>
  <testcase classname="pkg.Snippet" name="schlloan" time="0.002"/>
  <testcase classname="pkg.Snippet" name="schlloann" time="0.004">
    <failure type="java.lang.AssertionError" message="expected [true] but found [false]">
      <![CDATA[java.lang.AssertionError: expected [true] but found [false]
at pkg.Snippet.schlloann(Snippet.java:23)
at java.base/java.util.ArrayList.forEach(ArrayList.java:1511)
at java.base/java.util.concurrent.FutureTask.run(FutureTask.java:264)
at java.base/java.util.concurrent.ThreadPoolExecutor.runWorker(ThreadPoolExecutor.java:1136)
at java.base/java.util.concurrent.ThreadPoolExecutor$Worker.run(ThreadPoolExecutor.java:635)
at java.base/java.lang.Thread.run(Thread.java:833)
... Removed 20 stack frames]]>
    </failure>
  </testcase> <!-- schlloann -->
  <testcase classname="pkg.Tstr" name="getdata" time="0.0">
    <ignored/>
  </testcase> <!-- getdata -->
</testsuite> <!-- Test -->
